<?xml version="1.0" encoding="UTF-8"?>
<!-- Generated by org.testng.reporters.JUnitReportReporter -->
<testsuite hostname="Amit-Savyasachi" failures="0" tests="1" name="simplejava" time="0.008" errors="0" timestamp="2022-12-08T10:30:03 IST" skipped="0">
  <testcase classname="simplejava" name="reverse" time="0.008"/>
  <system-out/>
</testsuite> <!-- simplejava -->
