<?xml version="1.0" encoding="UTF-8"?>
<!-- Generated by org.testng.reporters.JUnitReportReporter -->
<testsuite hostname="Amits-MacBook-Air.local" failures="0" tests="1" name="ExcelRead" time="10.731" errors="0" timestamp="2023-01-10T17:56:45 IST" skipped="0">
  <testcase classname="ExcelRead" name="pdflocal" time="10.731"/>
  <system-out/>
</testsuite> <!-- ExcelRead -->
