<?xml version="1.0" encoding="UTF-8"?>
<!-- Generated by org.testng.reporters.JUnitReportReporter -->
<testsuite hostname="Amits-MacBook-Air.local" failures="0" tests="1" name="ExcelRead" time="7.906" errors="0" timestamp="2023-01-11T15:19:30 IST" skipped="0">
  <testcase classname="ExcelRead" name="pdflocal" time="7.906"/>
  <system-out/>
</testsuite> <!-- ExcelRead -->
