<?xml version="1.0" encoding="UTF-8"?>
<!-- Generated by org.testng.reporters.JUnitReportReporter -->
<testsuite hostname="Amit" failures="0" tests="1" name="MobileTests.BsPushfile" time="78.941" errors="0" timestamp="2022-10-27T19:23:19 IST" skipped="0">
  <testcase classname="MobileTests.BsPushfile" name="run" time="78.941"/>
  <system-out/>
</testsuite> <!-- MobileTests.BsPushfile -->
