<?xml version="1.0" encoding="UTF-8"?>
<!-- Generated by org.testng.reporters.JUnitReportReporter -->
<testsuite hostname="Amit-Savyasachi" failures="0" tests="1" name="GetScreenshotandUpload" time="6.572" errors="0" timestamp="2022-11-23T14:44:32 IST" skipped="0">
  <testcase classname="GetScreenshotandUpload" name="screenshotgenerator" time="6.572"/>
  <system-out/>
</testsuite> <!-- GetScreenshotandUpload -->
