<?xml version="1.0" encoding="UTF-8"?>
<!-- Generated by org.testng.reporters.JUnitReportReporter -->
<testsuite hostname="Amit-Savyasachi" failures="0" tests="1" name="GetElementScreenshotApi" time="8.841" errors="0" timestamp="2022-11-29T14:16:22 IST" skipped="0">
  <testcase classname="GetElementScreenshotApi" name="getqrcode" time="8.841"/>
  <system-out/>
</testsuite> <!-- GetElementScreenshotApi -->
