<?xml version="1.0" encoding="UTF-8"?>
<!-- Generated by org.testng.reporters.JUnitReportReporter -->
<testsuite hostname="Amit-Savyasachi" failures="0" tests="1" name="SignDeskQrCode" time="17.900" errors="0" timestamp="2022-11-23T18:38:43 IST" skipped="0">
  <testcase classname="SignDeskQrCode" name="getqrcode" time="17.900"/>
  <system-out/>
</testsuite> <!-- SignDeskQrCode -->
