<?xml version="1.0" encoding="UTF-8"?>
<!-- Generated by org.testng.reporters.JUnitReportReporter -->
<testsuite hostname="Amit-Savyasachi" failures="0" tests="1" name="LocalPdf" time="1.951" errors="0" timestamp="2022-11-04T14:22:55 IST" skipped="0">
  <testcase classname="LocalPdf" name="pdflocal" time="1.951"/>
  <system-out/>
</testsuite> <!-- LocalPdf -->
