<?xml version="1.0" encoding="UTF-8"?>
<!-- Generated by org.testng.reporters.JUnitReportReporter -->
<testsuite hostname="Amit-Savyasachi" failures="0" tests="1" name="ExcelRead" time="2.352" errors="0" timestamp="2022-11-18T17:25:30 IST" skipped="0">
  <testcase classname="ExcelRead" name="pdflocal" time="2.352"/>
  <system-out/>
</testsuite> <!-- ExcelRead -->
